Using pre-set license
Built from 'trunk' branch; Version is '6000.0.15f1 (6a96561936c0) revision 6985302'; Using compiler version '193933523'; Build Type 'Release'
OS: 'Windows 11  (10.0.22631) 64bit Core' Language: 'en' Physical Memory: 16221 MB
BatchMode: 1, IsHumanControllingUs: 0, StartBugReporterOnCrash: 0, Is64bit: 1, IsPro: 1

COMMAND LINE ARGUMENTS:
C:\Users\janik\Unity\6000.0.15f1\Editor\Unity.exe
-adb2
-batchMode
-noUpm
-name
AssetImportWorker0
-projectPath
C:/Users/janik/Unity/Project_6-0-15
-logFile
Logs/AssetImportWorker0.log
-srvPort
65380
-job-worker-count
3
-background-job-worker-count
8
-asset-garbage-collectors
1
Successfully changed project path to: C:/Users/janik/Unity/Project_6-0-15
C:/Users/janik/Unity/Project_6-0-15
[UnityMemory] Configuration Parameters - Can be set up in boot.config
    "memorysetup-bucket-allocator-granularity=16"
    "memorysetup-bucket-allocator-bucket-count=8"
    "memorysetup-bucket-allocator-block-size=33554432"
    "memorysetup-bucket-allocator-block-count=8"
    "memorysetup-main-allocator-block-size=16777216"
    "memorysetup-thread-allocator-block-size=16777216"
    "memorysetup-gfx-main-allocator-block-size=16777216"
    "memorysetup-gfx-thread-allocator-block-size=16777216"
    "memorysetup-cache-allocator-block-size=4194304"
    "memorysetup-typetree-allocator-block-size=2097152"
    "memorysetup-profiler-bucket-allocator-granularity=16"
    "memorysetup-profiler-bucket-allocator-bucket-count=8"
    "memorysetup-profiler-bucket-allocator-block-size=33554432"
    "memorysetup-profiler-bucket-allocator-block-count=8"
    "memorysetup-profiler-allocator-block-size=16777216"
    "memorysetup-profiler-editor-allocator-block-size=1048576"
    "memorysetup-temp-allocator-size-main=16777216"
    "memorysetup-job-temp-allocator-block-size=2097152"
    "memorysetup-job-temp-allocator-block-size-background=1048576"
    "memorysetup-job-temp-allocator-reduction-small-platforms=262144"
    "memorysetup-allocator-temp-initial-block-size-main=262144"
    "memorysetup-allocator-temp-initial-block-size-worker=262144"
    "memorysetup-temp-allocator-size-background-worker=32768"
    "memorysetup-temp-allocator-size-job-worker=262144"
    "memorysetup-temp-allocator-size-preload-manager=33554432"
    "memorysetup-temp-allocator-size-nav-mesh-worker=65536"
    "memorysetup-temp-allocator-size-audio-worker=65536"
    "memorysetup-temp-allocator-size-cloud-worker=32768"
    "memorysetup-temp-allocator-size-gi-baking-worker=262144"
    "memorysetup-temp-allocator-size-gi-baking-worker=262144"
    "memorysetup-temp-allocator-size-gi-baking-worker=262144"
    "memorysetup-temp-allocator-size-gi-baking-worker=262144"
    "memorysetup-temp-allocator-size-gi-baking-worker=262144"
    "memorysetup-temp-allocator-size-gfx=262144"
Player connection [6292]  Target information:

Player connection [6292]  * "[IP] 10.12.170.166 [Port] 0 [Flags] 2 [Guid] 3949214509 [EditorId] 3949214509 [Version] 1048832 [Id] WindowsEditor(7,Hades) [Debug] 1 [PackageName] WindowsEditor [ProjectName] Editor" 

Player connection [6292] Host joined multi-casting on [225.0.0.222:54997]...
Player connection [6292] Host joined alternative multi-casting on [225.0.0.222:34997]...
JobSystem: Creating JobQueue using job-worker-count value 3
Library Redirect Path: Library/
[PhysX] Initialized MultithreadedTaskDispatcher with 4 workers.
Refreshing native plugins compatible for Editor in 11.73 ms, found 4 plugins.
Preloading 0 native plugins for Editor in 0.00 ms.
Initialize engine version: 6000.0.15f1 (6a96561936c0)
[Subsystems] Discovering subsystems at path C:/Users/janik/Unity/6000.0.15f1/Editor/Data/Resources/UnitySubsystems
[Subsystems] Discovering subsystems at path C:/Users/janik/Unity/Project_6-0-15/Assets
GfxDevice: creating device client; kGfxThreadingModeNonThreaded
Direct3D:
    Version:  Direct3D 11.0 [level 11.1]
    Renderer: NVIDIA GeForce GTX 1650 (ID=0x1f99)
    Vendor:   NVIDIA
    VRAM:     3937 MB
    Driver:   32.0.15.6603
Initialize mono
Mono path[0] = 'C:/Users/janik/Unity/6000.0.15f1/Editor/Data/Managed'
Mono path[1] = 'C:/Users/janik/Unity/6000.0.15f1/Editor/Data/MonoBleedingEdge/lib/mono/unityjit-win32'
Mono config path = 'C:/Users/janik/Unity/6000.0.15f1/Editor/Data/MonoBleedingEdge/etc'
Using monoOptions --debugger-agent=transport=dt_socket,embedding=1,server=y,suspend=n,address=127.0.0.1:56020
Begin MonoManager ReloadAssembly
Registering precompiled unity dll's ...
Register platform support module: C:/Users/janik/Unity/6000.0.15f1/Editor/Data/PlaybackEngines/WindowsStandaloneSupport/UnityEditor.WindowsStandalone.Extensions.dll
Register platform support module: C:/Users/janik/Unity/6000.0.15f1/Editor/Data/PlaybackEngines/MetroSupport/UnityEditor.UWP.Extensions.dll
Register platform support module: C:/Users/janik/Unity/6000.0.15f1/Editor/Data/PlaybackEngines/AndroidPlayer/UnityEditor.Android.Extensions.dll
Register platform support module: C:/Users/janik/Unity/6000.0.15f1/Editor/Data/PlaybackEngines/LinuxStandaloneSupport/UnityEditor.LinuxStandalone.Extensions.dll
Registered in 0.010703 seconds.
- Loaded All Assemblies, in  0.997 seconds
Native extension for LinuxStandalone target not found
Native extension for Android target not found
Android Extension - Scanning For ADB Devices 536 ms
Native extension for UWP target not found
Native extension for WindowsStandalone target not found
Mono: successfully reloaded assembly
- Finished resetting the current domain, in  1.334 seconds
Domain Reload Profiling: 2325ms
	BeginReloadAssembly (317ms)
		ExecutionOrderSort (0ms)
		DisableScriptedObjects (0ms)
		BackupInstance (0ms)
		ReleaseScriptingObjects (0ms)
		CreateAndSetChildDomain (2ms)
	RebuildCommonClasses (107ms)
	RebuildNativeTypeToScriptingClass (34ms)
	initialDomainReloadingComplete (136ms)
	LoadAllAssembliesAndSetupDomain (397ms)
		LoadAssemblies (317ms)
		RebuildTransferFunctionScriptingTraits (0ms)
		AnalyzeDomain (385ms)
			TypeCache.Refresh (383ms)
				TypeCache.ScanAssembly (352ms)
			BuildScriptInfoCaches (0ms)
			ResolveRequiredComponents (1ms)
	FinalizeReload (1334ms)
		ReleaseScriptCaches (0ms)
		RebuildScriptCaches (0ms)
		SetupLoadedEditorAssemblies (1242ms)
			LogAssemblyErrors (0ms)
			InitializePlatformSupportModulesInManaged (823ms)
			SetLoadedEditorAssemblies (11ms)
			BeforeProcessingInitializeOnLoad (14ms)
			ProcessInitializeOnLoadAttributes (273ms)
			ProcessInitializeOnLoadMethodAttributes (116ms)
			AfterProcessingInitializeOnLoad (5ms)
			EditorAssembliesLoaded (0ms)
		ExecutionOrderSort2 (0ms)
		AwakeInstancesAfterBackupRestoration (0ms)
========================================================================
Worker process is ready to serve import requests
Import Worker Mode flag is 0x00
Begin MonoManager ReloadAssembly
Symbol file LoadedFromMemory is not a mono symbol file
- Loaded All Assemblies, in  1.706 seconds
Refreshing native plugins compatible for Editor in 4.81 ms, found 4 plugins.
Native extension for LinuxStandalone target not found
Native extension for Android target not found
Native extension for UWP target not found
Native extension for WindowsStandalone target not found
Mono: successfully reloaded assembly
- Finished resetting the current domain, in  1.557 seconds
Domain Reload Profiling: 3254ms
	BeginReloadAssembly (474ms)
		ExecutionOrderSort (0ms)
		DisableScriptedObjects (7ms)
		BackupInstance (0ms)
		ReleaseScriptingObjects (0ms)
		CreateAndSetChildDomain (36ms)
	RebuildCommonClasses (50ms)
	RebuildNativeTypeToScriptingClass (17ms)
	initialDomainReloadingComplete (61ms)
	LoadAllAssembliesAndSetupDomain (1095ms)
		LoadAssemblies (645ms)
		RebuildTransferFunctionScriptingTraits (0ms)
		AnalyzeDomain (578ms)
			TypeCache.Refresh (419ms)
				TypeCache.ScanAssembly (378ms)
			BuildScriptInfoCaches (136ms)
			ResolveRequiredComponents (20ms)
	FinalizeReload (1558ms)
		ReleaseScriptCaches (0ms)
		RebuildScriptCaches (0ms)
		SetupLoadedEditorAssemblies (1125ms)
			LogAssemblyErrors (0ms)
			InitializePlatformSupportModulesInManaged (32ms)
			SetLoadedEditorAssemblies (7ms)
			BeforeProcessingInitializeOnLoad (140ms)
			ProcessInitializeOnLoadAttributes (732ms)
			ProcessInitializeOnLoadMethodAttributes (203ms)
			AfterProcessingInitializeOnLoad (11ms)
			EditorAssembliesLoaded (0ms)
		ExecutionOrderSort2 (0ms)
		AwakeInstancesAfterBackupRestoration (7ms)
Launched and connected shader compiler UnityShaderCompiler.exe after 0.02 seconds
Refreshing native plugins compatible for Editor in 5.35 ms, found 4 plugins.
Preloading 0 native plugins for Editor in 0.00 ms.
Unloading 230 Unused Serialized files (Serialized files now loaded: 0)
Unloading 7830 unused Assets / (5.8 MB). Loaded Objects now: 8654.
Memory consumption went from 223.7 MB to 217.9 MB.
Total: 16.102500 ms (FindLiveObjects: 1.090500 ms CreateObjectMapping: 1.889600 ms MarkObjects: 8.496400 ms  DeleteObjects: 4.624700 ms)

========================================================================
Received Import Request.
  Time since last request: 243354.717207 seconds.
  path: Assets/New Scene.unity
  artifactKey: Guid(96e0b326a50da294cb5ca64529ba1b3d) Importer(815301076,1909f56bfc062723c751e8b465ee728b)
Start importing Assets/New Scene.unity using Guid(96e0b326a50da294cb5ca64529ba1b3d) Importer(815301076,1909f56bfc062723c751e8b465ee728b) (PreviewImporter)[PhysX] Initialized MultithreadedTaskDispatcher with 4 workers.
 -> (artifact id: '0ec0eb04b5030b042f4c43fb45b6e79e') in 0.0059539 seconds
Number of updated asset objects reloaded before import = 0Number of asset objects unloaded after import = 0

========================================================================
Received Import Request.
  Time since last request: 168.209470 seconds.
  path: Assets/Plugins/EnE
  artifactKey: Guid(f12ce28655ed0ca44b9493f2cee361a0) Importer(815301076,1909f56bfc062723c751e8b465ee728b)
Start importing Assets/Plugins/EnE using Guid(f12ce28655ed0ca44b9493f2cee361a0) Importer(815301076,1909f56bfc062723c751e8b465ee728b) (PreviewImporter)[PhysX] Initialized MultithreadedTaskDispatcher with 4 workers.
 -> (artifact id: '9c82939509ea300d35da77f76e1ae30e') in 0.0010866 seconds
Number of updated asset objects reloaded before import = 10Number of asset objects unloaded after import = 0

========================================================================
Received Prepare
Refreshing native plugins compatible for Editor in 4.74 ms, found 4 plugins.
Preloading 0 native plugins for Editor in 0.00 ms.
Unloading 17 Unused Serialized files (Serialized files now loaded: 0)
Unloading 7811 unused Assets / (4.8 MB). Loaded Objects now: 8656.
Memory consumption went from 185.7 MB to 180.9 MB.
Total: 17.584700 ms (FindLiveObjects: 2.293100 ms CreateObjectMapping: 2.941600 ms MarkObjects: 8.362000 ms  DeleteObjects: 3.986400 ms)

Prepare: number of updated asset objects reloaded= 0
========================================================================
Received Import Request.
  Time since last request: 19.007988 seconds.
  path: Assets/Plugins/EnE/Materials
  artifactKey: Guid(5808953df7a24274a851aa6dee52d30e) Importer(815301076,1909f56bfc062723c751e8b465ee728b)
Start importing Assets/Plugins/EnE/Materials using Guid(5808953df7a24274a851aa6dee52d30e) Importer(815301076,1909f56bfc062723c751e8b465ee728b) (PreviewImporter)[PhysX] Initialized MultithreadedTaskDispatcher with 4 workers.
 -> (artifact id: 'cf57f326cff1af0b487240a294b83336') in 0.0061081 seconds
Number of updated asset objects reloaded before import = 0Number of asset objects unloaded after import = 0

========================================================================
Received Prepare
Begin MonoManager ReloadAssembly
Symbol file LoadedFromMemory is not a mono symbol file
- Loaded All Assemblies, in  1.193 seconds
Refreshing native plugins compatible for Editor in 3.30 ms, found 4 plugins.
Native extension for LinuxStandalone target not found
Native extension for Android target not found
Native extension for UWP target not found
Native extension for WindowsStandalone target not found
Mono: successfully reloaded assembly
- Finished resetting the current domain, in  1.360 seconds
Domain Reload Profiling: 2550ms
	BeginReloadAssembly (293ms)
		ExecutionOrderSort (0ms)
		DisableScriptedObjects (18ms)
		BackupInstance (0ms)
		ReleaseScriptingObjects (0ms)
		CreateAndSetChildDomain (89ms)
	RebuildCommonClasses (61ms)
	RebuildNativeTypeToScriptingClass (22ms)
	initialDomainReloadingComplete (42ms)
	LoadAllAssembliesAndSetupDomain (772ms)
		LoadAssemblies (524ms)
		RebuildTransferFunctionScriptingTraits (0ms)
		AnalyzeDomain (369ms)
			TypeCache.Refresh (15ms)
				TypeCache.ScanAssembly (2ms)
			BuildScriptInfoCaches (323ms)
			ResolveRequiredComponents (25ms)
	FinalizeReload (1361ms)
		ReleaseScriptCaches (0ms)
		RebuildScriptCaches (0ms)
		SetupLoadedEditorAssemblies (916ms)
			LogAssemblyErrors (0ms)
			InitializePlatformSupportModulesInManaged (35ms)
			SetLoadedEditorAssemblies (7ms)
			BeforeProcessingInitializeOnLoad (153ms)
			ProcessInitializeOnLoadAttributes (571ms)
			ProcessInitializeOnLoadMethodAttributes (138ms)
			AfterProcessingInitializeOnLoad (12ms)
			EditorAssembliesLoaded (0ms)
		ExecutionOrderSort2 (0ms)
		AwakeInstancesAfterBackupRestoration (15ms)
Refreshing native plugins compatible for Editor in 4.67 ms, found 4 plugins.
Preloading 0 native plugins for Editor in 0.00 ms.
Unloading 17 Unused Serialized files (Serialized files now loaded: 0)
Unloading 7829 unused Assets / (5.2 MB). Loaded Objects now: 8659.
Memory consumption went from 189.1 MB to 184.0 MB.
Total: 13.652400 ms (FindLiveObjects: 1.213400 ms CreateObjectMapping: 1.832900 ms MarkObjects: 6.556400 ms  DeleteObjects: 4.048500 ms)

Prepare: number of updated asset objects reloaded= 0
========================================================================
Received Import Request.
  Time since last request: 35.430986 seconds.
  path: Assets/Plugins/EnE/Fonts
  artifactKey: Guid(1117ecc9291e43c4fb4adbde9987e06f) Importer(815301076,1909f56bfc062723c751e8b465ee728b)
Start importing Assets/Plugins/EnE/Fonts using Guid(1117ecc9291e43c4fb4adbde9987e06f) Importer(815301076,1909f56bfc062723c751e8b465ee728b) (PreviewImporter)[PhysX] Initialized MultithreadedTaskDispatcher with 4 workers.
 -> (artifact id: 'efe5381117926b180dfad4bafa112d78') in 0.0086396 seconds
Number of updated asset objects reloaded before import = 0Number of asset objects unloaded after import = 0

========================================================================
Received Import Request.
  Time since last request: 26.840984 seconds.
  path: Assets/Settings/Scenes/Scene 2D.unity
  artifactKey: Guid(849d19d495bc2434684bb494d24c7576) Importer(815301076,1909f56bfc062723c751e8b465ee728b)
Start importing Assets/Settings/Scenes/Scene 2D.unity using Guid(849d19d495bc2434684bb494d24c7576) Importer(815301076,1909f56bfc062723c751e8b465ee728b) (PreviewImporter)[PhysX] Initialized MultithreadedTaskDispatcher with 4 workers.
 -> (artifact id: '1a10389e40683192b8dd2ad6b8582f7e') in 0.0008263 seconds
Number of updated asset objects reloaded before import = 0Number of asset objects unloaded after import = 0

========================================================================
Received Import Request.
  Time since last request: 125.348859 seconds.
  path: Assets/Plugins/TMP Pro
  artifactKey: Guid(72c6dbffeb1f5a0478e9062d5d816d88) Importer(815301076,1909f56bfc062723c751e8b465ee728b)
Start importing Assets/Plugins/TMP Pro using Guid(72c6dbffeb1f5a0478e9062d5d816d88) Importer(815301076,1909f56bfc062723c751e8b465ee728b) (PreviewImporter)[PhysX] Initialized MultithreadedTaskDispatcher with 4 workers.
 -> (artifact id: 'c7d48f70c0b4ee59c922cdbc92856f8a') in 0.0008545 seconds
Number of updated asset objects reloaded before import = 0Number of asset objects unloaded after import = 0

========================================================================
Received Prepare
Refreshing native plugins compatible for Editor in 8.02 ms, found 4 plugins.
Preloading 0 native plugins for Editor in 0.00 ms.
Unloading 17 Unused Serialized files (Serialized files now loaded: 0)
Unloading 7811 unused Assets / (4.7 MB). Loaded Objects now: 8659.
Memory consumption went from 189.2 MB to 184.5 MB.
Total: 20.944100 ms (FindLiveObjects: 1.480500 ms CreateObjectMapping: 2.440800 ms MarkObjects: 11.193300 ms  DeleteObjects: 5.827900 ms)

Prepare: number of updated asset objects reloaded= 0
========================================================================
Received Prepare
Begin MonoManager ReloadAssembly
Symbol file LoadedFromMemory is not a mono symbol file
- Loaded All Assemblies, in  1.190 seconds
Refreshing native plugins compatible for Editor in 3.63 ms, found 4 plugins.
Native extension for LinuxStandalone target not found
Native extension for Android target not found
Native extension for UWP target not found
Native extension for WindowsStandalone target not found
Mono: successfully reloaded assembly
- Finished resetting the current domain, in  1.901 seconds
Domain Reload Profiling: 3087ms
	BeginReloadAssembly (294ms)
		ExecutionOrderSort (0ms)
		DisableScriptedObjects (24ms)
		BackupInstance (0ms)
		ReleaseScriptingObjects (0ms)
		CreateAndSetChildDomain (83ms)
	RebuildCommonClasses (66ms)
	RebuildNativeTypeToScriptingClass (25ms)
	initialDomainReloadingComplete (49ms)
	LoadAllAssembliesAndSetupDomain (752ms)
		LoadAssemblies (532ms)
		RebuildTransferFunctionScriptingTraits (0ms)
		AnalyzeDomain (343ms)
			TypeCache.Refresh (20ms)
				TypeCache.ScanAssembly (4ms)
			BuildScriptInfoCaches (299ms)
			ResolveRequiredComponents (19ms)
	FinalizeReload (1902ms)
		ReleaseScriptCaches (0ms)
		RebuildScriptCaches (0ms)
		SetupLoadedEditorAssemblies (1330ms)
			LogAssemblyErrors (0ms)
			InitializePlatformSupportModulesInManaged (34ms)
			SetLoadedEditorAssemblies (6ms)
			BeforeProcessingInitializeOnLoad (148ms)
			ProcessInitializeOnLoadAttributes (803ms)
			ProcessInitializeOnLoadMethodAttributes (307ms)
			AfterProcessingInitializeOnLoad (28ms)
			EditorAssembliesLoaded (2ms)
		ExecutionOrderSort2 (0ms)
		AwakeInstancesAfterBackupRestoration (29ms)
Refreshing native plugins compatible for Editor in 5.69 ms, found 4 plugins.
Preloading 0 native plugins for Editor in 0.00 ms.
Unloading 17 Unused Serialized files (Serialized files now loaded: 0)
Unloading 7829 unused Assets / (5.1 MB). Loaded Objects now: 8661.
Memory consumption went from 189.1 MB to 184.0 MB.
Total: 16.922800 ms (FindLiveObjects: 1.085700 ms CreateObjectMapping: 1.878500 ms MarkObjects: 9.078900 ms  DeleteObjects: 4.878300 ms)

Prepare: number of updated asset objects reloaded= 7
========================================================================
Received Prepare
Refreshing native plugins compatible for Editor in 3.54 ms, found 4 plugins.
Preloading 0 native plugins for Editor in 0.00 ms.
Unloading 24 Unused Serialized files (Serialized files now loaded: 0)
Unloading 7811 unused Assets / (5.2 MB). Loaded Objects now: 8661.
Memory consumption went from 190.9 MB to 185.7 MB.
Total: 18.290300 ms (FindLiveObjects: 1.523600 ms CreateObjectMapping: 2.817500 ms MarkObjects: 8.605600 ms  DeleteObjects: 5.342300 ms)

Prepare: number of updated asset objects reloaded= 0
========================================================================
Received Prepare
Begin MonoManager ReloadAssembly
Symbol file LoadedFromMemory is not a mono symbol file
- Loaded All Assemblies, in  1.178 seconds
Refreshing native plugins compatible for Editor in 4.00 ms, found 4 plugins.
Native extension for LinuxStandalone target not found
Native extension for Android target not found
Native extension for UWP target not found
Native extension for WindowsStandalone target not found
Mono: successfully reloaded assembly
- Finished resetting the current domain, in  1.293 seconds
Domain Reload Profiling: 2467ms
	BeginReloadAssembly (290ms)
		ExecutionOrderSort (0ms)
		DisableScriptedObjects (23ms)
		BackupInstance (0ms)
		ReleaseScriptingObjects (0ms)
		CreateAndSetChildDomain (79ms)
	RebuildCommonClasses (54ms)
	RebuildNativeTypeToScriptingClass (21ms)
	initialDomainReloadingComplete (41ms)
	LoadAllAssembliesAndSetupDomain (767ms)
		LoadAssemblies (546ms)
		RebuildTransferFunctionScriptingTraits (0ms)
		AnalyzeDomain (346ms)
			TypeCache.Refresh (17ms)
				TypeCache.ScanAssembly (3ms)
			BuildScriptInfoCaches (305ms)
			ResolveRequiredComponents (18ms)
	FinalizeReload (1294ms)
		ReleaseScriptCaches (0ms)
		RebuildScriptCaches (0ms)
		SetupLoadedEditorAssemblies (881ms)
			LogAssemblyErrors (0ms)
			InitializePlatformSupportModulesInManaged (27ms)
			SetLoadedEditorAssemblies (7ms)
			BeforeProcessingInitializeOnLoad (134ms)
			ProcessInitializeOnLoadAttributes (582ms)
			ProcessInitializeOnLoadMethodAttributes (120ms)
			AfterProcessingInitializeOnLoad (11ms)
			EditorAssembliesLoaded (1ms)
		ExecutionOrderSort2 (0ms)
		AwakeInstancesAfterBackupRestoration (13ms)
Refreshing native plugins compatible for Editor in 4.17 ms, found 4 plugins.
Preloading 0 native plugins for Editor in 0.00 ms.
Unloading 17 Unused Serialized files (Serialized files now loaded: 0)
Unloading 7829 unused Assets / (5.1 MB). Loaded Objects now: 8663.
Memory consumption went from 189.1 MB to 184.0 MB.
Total: 11.852300 ms (FindLiveObjects: 0.945300 ms CreateObjectMapping: 1.553900 ms MarkObjects: 5.971000 ms  DeleteObjects: 3.380700 ms)

Prepare: number of updated asset objects reloaded= 0
========================================================================
Received Prepare
Refreshing native plugins compatible for Editor in 4.54 ms, found 4 plugins.
Preloading 0 native plugins for Editor in 0.00 ms.
Unloading 17 Unused Serialized files (Serialized files now loaded: 0)
Unloading 7811 unused Assets / (4.8 MB). Loaded Objects now: 8663.
Memory consumption went from 189.2 MB to 184.4 MB.
Total: 15.913400 ms (FindLiveObjects: 1.443000 ms CreateObjectMapping: 2.058900 ms MarkObjects: 8.674200 ms  DeleteObjects: 3.735800 ms)

Prepare: number of updated asset objects reloaded= 7
========================================================================
Received Import Request.
  Time since last request: 83.770486 seconds.
  path: Assets/Plugins/Text Mesh Pro
  artifactKey: Guid(72c6dbffeb1f5a0478e9062d5d816d88) Importer(815301076,1909f56bfc062723c751e8b465ee728b)
Start importing Assets/Plugins/Text Mesh Pro using Guid(72c6dbffeb1f5a0478e9062d5d816d88) Importer(815301076,1909f56bfc062723c751e8b465ee728b) (PreviewImporter)[PhysX] Initialized MultithreadedTaskDispatcher with 4 workers.
 -> (artifact id: '8dd0e7ce8b76f9a0732bd0b12d22d8dc') in 0.2041964 seconds
Number of updated asset objects reloaded before import = 0Number of asset objects unloaded after import = 0

========================================================================
Received Prepare
Begin MonoManager ReloadAssembly
Symbol file LoadedFromMemory is not a mono symbol file
- Loaded All Assemblies, in  1.195 seconds
Refreshing native plugins compatible for Editor in 4.90 ms, found 4 plugins.
Native extension for LinuxStandalone target not found
Native extension for Android target not found
Native extension for UWP target not found
Native extension for WindowsStandalone target not found
Mono: successfully reloaded assembly
- Finished resetting the current domain, in  1.317 seconds
Domain Reload Profiling: 2505ms
	BeginReloadAssembly (291ms)
		ExecutionOrderSort (0ms)
		DisableScriptedObjects (19ms)
		BackupInstance (0ms)
		ReleaseScriptingObjects (0ms)
		CreateAndSetChildDomain (82ms)
	RebuildCommonClasses (64ms)
	RebuildNativeTypeToScriptingClass (20ms)
	initialDomainReloadingComplete (52ms)
	LoadAllAssembliesAndSetupDomain (760ms)
		LoadAssemblies (544ms)
		RebuildTransferFunctionScriptingTraits (0ms)
		AnalyzeDomain (349ms)
			TypeCache.Refresh (21ms)
				TypeCache.ScanAssembly (4ms)
			BuildScriptInfoCaches (304ms)
			ResolveRequiredComponents (17ms)
	FinalizeReload (1317ms)
		ReleaseScriptCaches (0ms)
		RebuildScriptCaches (0ms)
		SetupLoadedEditorAssemblies (892ms)
			LogAssemblyErrors (0ms)
			InitializePlatformSupportModulesInManaged (29ms)
			SetLoadedEditorAssemblies (6ms)
			BeforeProcessingInitializeOnLoad (132ms)
			ProcessInitializeOnLoadAttributes (595ms)
			ProcessInitializeOnLoadMethodAttributes (117ms)
			AfterProcessingInitializeOnLoad (12ms)
			EditorAssembliesLoaded (0ms)
		ExecutionOrderSort2 (0ms)
		AwakeInstancesAfterBackupRestoration (13ms)
Refreshing native plugins compatible for Editor in 3.53 ms, found 4 plugins.
Preloading 0 native plugins for Editor in 0.00 ms.
Unloading 17 Unused Serialized files (Serialized files now loaded: 0)
Unloading 7829 unused Assets / (4.9 MB). Loaded Objects now: 8665.
Memory consumption went from 189.2 MB to 184.2 MB.
Total: 13.506500 ms (FindLiveObjects: 1.053200 ms CreateObjectMapping: 1.796600 ms MarkObjects: 7.218200 ms  DeleteObjects: 3.437100 ms)

Prepare: number of updated asset objects reloaded= 0
========================================================================
Received Prepare
Refreshing native plugins compatible for Editor in 4.86 ms, found 4 plugins.
Preloading 0 native plugins for Editor in 0.00 ms.
Unloading 17 Unused Serialized files (Serialized files now loaded: 0)
Unloading 7811 unused Assets / (5.0 MB). Loaded Objects now: 8665.
Memory consumption went from 189.2 MB to 184.3 MB.
Total: 17.787100 ms (FindLiveObjects: 1.274000 ms CreateObjectMapping: 2.097500 ms MarkObjects: 9.859100 ms  DeleteObjects: 4.555000 ms)

Prepare: number of updated asset objects reloaded= 0
========================================================================
Received Import Request.
  Time since last request: 14.333875 seconds.
  path: Assets/Plugins/SerializedColl
  artifactKey: Guid(767316a9a37abc34694c3086d846f668) Importer(815301076,1909f56bfc062723c751e8b465ee728b)
Start importing Assets/Plugins/SerializedColl using Guid(767316a9a37abc34694c3086d846f668) Importer(815301076,1909f56bfc062723c751e8b465ee728b) (PreviewImporter)[PhysX] Initialized MultithreadedTaskDispatcher with 4 workers.
 -> (artifact id: '5557d89da5b7aa6adc1284e483e7b26e') in 0.0138151 seconds
Number of updated asset objects reloaded before import = 0Number of asset objects unloaded after import = 0

========================================================================
Received Prepare
Assembly with name 'AYellowpaper.SerializedCollections' already exists (Assets/Plugins/SerializedCollections/Runtime/AYellowpaper.SerializedCollections.asmdef)
Assembly with name 'AYellowpaper.SerializedCollections' already exists (Assets/Plugins/SerializedColl/Runtime/AYellowpaper.SerializedCollections.asmdef)
Assembly with name 'AYellowpaper.SerializedCollections.Editor' already exists (Assets/Plugins/SerializedCollections/Editor/AYellowpaper.SerializedCollections.Editor.asmdef)
Assembly with name 'AYellowpaper.SerializedCollections.Editor' already exists (Assets/Plugins/SerializedColl/Editor/AYellowpaper.SerializedCollections.Editor.asmdef)
Assembly with name 'AYellowpaper.SerializedCollections' already exists (Assets/Plugins/SerializedCollections/Runtime/AYellowpaper.SerializedCollections.asmdef)
Assembly with name 'AYellowpaper.SerializedCollections' already exists (Assets/Plugins/SerializedColl/Runtime/AYellowpaper.SerializedCollections.asmdef)
Assembly with name 'AYellowpaper.SerializedCollections.Editor' already exists (Assets/Plugins/SerializedCollections/Editor/AYellowpaper.SerializedCollections.Editor.asmdef)
Assembly with name 'AYellowpaper.SerializedCollections.Editor' already exists (Assets/Plugins/SerializedColl/Editor/AYellowpaper.SerializedCollections.Editor.asmdef)
Begin MonoManager ReloadAssembly
Symbol file LoadedFromMemory is not a mono symbol file
- Loaded All Assemblies, in  1.486 seconds
Assembly with name 'AYellowpaper.SerializedCollections' already exists (Assets/Plugins/SerializedCollections/Runtime/AYellowpaper.SerializedCollections.asmdef)
Assembly with name 'AYellowpaper.SerializedCollections' already exists (Assets/Plugins/SerializedColl/Runtime/AYellowpaper.SerializedCollections.asmdef)
Assembly with name 'AYellowpaper.SerializedCollections.Editor' already exists (Assets/Plugins/SerializedCollections/Editor/AYellowpaper.SerializedCollections.Editor.asmdef)
Assembly with name 'AYellowpaper.SerializedCollections.Editor' already exists (Assets/Plugins/SerializedColl/Editor/AYellowpaper.SerializedCollections.Editor.asmdef)
Refreshing native plugins compatible for Editor in 3.53 ms, found 4 plugins.
Native extension for LinuxStandalone target not found
Native extension for Android target not found
Native extension for UWP target not found
Native extension for WindowsStandalone target not found
Assembly with name 'AYellowpaper.SerializedCollections' already exists (Assets/Plugins/SerializedCollections/Runtime/AYellowpaper.SerializedCollections.asmdef)
Assembly with name 'AYellowpaper.SerializedCollections' already exists (Assets/Plugins/SerializedColl/Runtime/AYellowpaper.SerializedCollections.asmdef)
Assembly with name 'AYellowpaper.SerializedCollections.Editor' already exists (Assets/Plugins/SerializedCollections/Editor/AYellowpaper.SerializedCollections.Editor.asmdef)
Assembly with name 'AYellowpaper.SerializedCollections.Editor' already exists (Assets/Plugins/SerializedColl/Editor/AYellowpaper.SerializedCollections.Editor.asmdef)
Mono: successfully reloaded assembly
- Finished resetting the current domain, in  1.637 seconds
Domain Reload Profiling: 3117ms
	BeginReloadAssembly (347ms)
		ExecutionOrderSort (0ms)
		DisableScriptedObjects (20ms)
		BackupInstance (0ms)
		ReleaseScriptingObjects (1ms)
		CreateAndSetChildDomain (109ms)
	RebuildCommonClasses (51ms)
	RebuildNativeTypeToScriptingClass (19ms)
	initialDomainReloadingComplete (42ms)
	LoadAllAssembliesAndSetupDomain (1020ms)
		LoadAssemblies (755ms)
		RebuildTransferFunctionScriptingTraits (0ms)
		AnalyzeDomain (400ms)
			TypeCache.Refresh (19ms)
				TypeCache.ScanAssembly (4ms)
			BuildScriptInfoCaches (360ms)
			ResolveRequiredComponents (17ms)
	FinalizeReload (1638ms)
		ReleaseScriptCaches (0ms)
		RebuildScriptCaches (0ms)
		SetupLoadedEditorAssemblies (1064ms)
			LogAssemblyErrors (0ms)
			InitializePlatformSupportModulesInManaged (32ms)
			SetLoadedEditorAssemblies (5ms)
			BeforeProcessingInitializeOnLoad (162ms)
			ProcessInitializeOnLoadAttributes (724ms)
			ProcessInitializeOnLoadMethodAttributes (123ms)
			AfterProcessingInitializeOnLoad (17ms)
			EditorAssembliesLoaded (1ms)
		ExecutionOrderSort2 (0ms)
		AwakeInstancesAfterBackupRestoration (20ms)
Refreshing native plugins compatible for Editor in 4.66 ms, found 4 plugins.
Preloading 0 native plugins for Editor in 0.00 ms.
Unloading 17 Unused Serialized files (Serialized files now loaded: 0)
Unloading 7829 unused Assets / (4.8 MB). Loaded Objects now: 8667.
Memory consumption went from 189.2 MB to 184.4 MB.
Total: 13.198600 ms (FindLiveObjects: 1.315000 ms CreateObjectMapping: 1.918800 ms MarkObjects: 6.112500 ms  DeleteObjects: 3.851000 ms)

Prepare: number of updated asset objects reloaded= 0
========================================================================
Received Import Request.
  Time since last request: 247.288013 seconds.
  path: Assets/README.md
  artifactKey: Guid(ff2a559d1daf3204fada3654e32ab387) Importer(815301076,1909f56bfc062723c751e8b465ee728b)
Start importing Assets/README.md using Guid(ff2a559d1daf3204fada3654e32ab387) Importer(815301076,1909f56bfc062723c751e8b465ee728b) (PreviewImporter)[PhysX] Initialized MultithreadedTaskDispatcher with 4 workers.
 -> (artifact id: 'c724f8c0fd240874fc609f6cd8674a7d') in 0.0358192 seconds
Number of updated asset objects reloaded before import = 0Number of asset objects unloaded after import = 1

========================================================================
Received Import Request.
  Time since last request: 7.264436 seconds.
  path: Assets/DOCUMENTATION.md
  artifactKey: Guid(09657195805c8e54f88f1f3acf37f415) Importer(815301076,1909f56bfc062723c751e8b465ee728b)
Start importing Assets/DOCUMENTATION.md using Guid(09657195805c8e54f88f1f3acf37f415) Importer(815301076,1909f56bfc062723c751e8b465ee728b) (PreviewImporter)[PhysX] Initialized MultithreadedTaskDispatcher with 4 workers.
 -> (artifact id: '2fe4571abf6b86b56a89607012a8281e') in 0.0013195 seconds
Number of updated asset objects reloaded before import = 0Number of asset objects unloaded after import = 1

========================================================================
Received Import Request.
  Time since last request: 760.115361 seconds.
  path: Assets/Docs/Screenshot 2024-10-23 181823.png
  artifactKey: Guid(eb683bf9828fd094991c1f42538a9187) Importer(815301076,1909f56bfc062723c751e8b465ee728b)
Start importing Assets/Docs/Screenshot 2024-10-23 181823.png using Guid(eb683bf9828fd094991c1f42538a9187) Importer(815301076,1909f56bfc062723c751e8b465ee728b) (PreviewImporter)[PhysX] Initialized MultithreadedTaskDispatcher with 4 workers.
[PhysX] Initialized MultithreadedTaskDispatcher with 4 workers.
 -> (artifact id: '86323217e9072ead903e6b049262cd13') in 0.1373102 seconds
Number of updated asset objects reloaded before import = 0Number of asset objects unloaded after import = 3

========================================================================
Received Import Request.
  Time since last request: 211.418088 seconds.
  path: Assets/Resources/Entities/Defaults/RotAnim/rotL.anim
  artifactKey: Guid(619d9eeccc7e0044da08ae6c8e004aa1) Importer(815301076,1909f56bfc062723c751e8b465ee728b)
Start importing Assets/Resources/Entities/Defaults/RotAnim/rotL.anim using Guid(619d9eeccc7e0044da08ae6c8e004aa1) Importer(815301076,1909f56bfc062723c751e8b465ee728b) (PreviewImporter)[PhysX] Initialized MultithreadedTaskDispatcher with 4 workers.
 -> (artifact id: 'e5a66f9ff70cbd8e22d8ffcd7ebf676a') in 0.0025728 seconds
Number of updated asset objects reloaded before import = 0Number of asset objects unloaded after import = 1

========================================================================
Received Import Request.
  Time since last request: 0.269640 seconds.
  path: Assets/Resources/Entities/Defaults/RotAnim/rotR.anim
  artifactKey: Guid(4dbbafe318cd75749b6164f79df58f70) Importer(815301076,1909f56bfc062723c751e8b465ee728b)
Start importing Assets/Resources/Entities/Defaults/RotAnim/rotR.anim using Guid(4dbbafe318cd75749b6164f79df58f70) Importer(815301076,1909f56bfc062723c751e8b465ee728b) (PreviewImporter)[PhysX] Initialized MultithreadedTaskDispatcher with 4 workers.
 -> (artifact id: '04da56e1089262a8edb188c6e5143878') in 0.001594 seconds
Number of updated asset objects reloaded before import = 0Number of asset objects unloaded after import = 1

========================================================================
Received Import Request.
  Time since last request: 0.240244 seconds.
  path: Assets/Resources/Entities/Defaults/RotAnim/rotU.anim
  artifactKey: Guid(f02e6b7d941df2c4aa0dea4a214f0270) Importer(815301076,1909f56bfc062723c751e8b465ee728b)
Start importing Assets/Resources/Entities/Defaults/RotAnim/rotU.anim using Guid(f02e6b7d941df2c4aa0dea4a214f0270) Importer(815301076,1909f56bfc062723c751e8b465ee728b) (PreviewImporter)[PhysX] Initialized MultithreadedTaskDispatcher with 4 workers.
 -> (artifact id: 'b8043ddd7fb971b2fe518235d3e6486a') in 0.0019966 seconds
Number of updated asset objects reloaded before import = 0Number of asset objects unloaded after import = 1

========================================================================
Received Import Request.
  Time since last request: 15.730728 seconds.
  path: Assets/Resources/Entities/Player/Player.prefab
  artifactKey: Guid(cf7c2f3675bd9694eb3458e635ec4af3) Importer(815301076,1909f56bfc062723c751e8b465ee728b)
Start importing Assets/Resources/Entities/Player/Player.prefab using Guid(cf7c2f3675bd9694eb3458e635ec4af3) Importer(815301076,1909f56bfc062723c751e8b465ee728b) (PreviewImporter)[PhysX] Initialized MultithreadedTaskDispatcher with 4 workers.
[PhysX] Initialized MultithreadedTaskDispatcher with 4 workers.
 -> (artifact id: '916f74ec71314b93b98e932739f094f7') in 0.6367468 seconds
Number of updated asset objects reloaded before import = 0Number of asset objects unloaded after import = 158

========================================================================
Received Import Request.
  Time since last request: 6.633479 seconds.
  path: Assets/Resources/Entities/Human/Body.prefab
  artifactKey: Guid(ec2aabbd544c6044aa2a1b2bebb1adca) Importer(815301076,1909f56bfc062723c751e8b465ee728b)
Start importing Assets/Resources/Entities/Human/Body.prefab using Guid(ec2aabbd544c6044aa2a1b2bebb1adca) Importer(815301076,1909f56bfc062723c751e8b465ee728b) (PreviewImporter)[PhysX] Initialized MultithreadedTaskDispatcher with 4 workers.
[PhysX] Initialized MultithreadedTaskDispatcher with 4 workers.
 -> (artifact id: '9ffc16736834f3b6268082b570094215') in 0.0238841 seconds
Number of updated asset objects reloaded before import = 0Number of asset objects unloaded after import = 57

